{"C:\\Users\\hoodn\\OneDrive\\Documents\\Personal\\Programming\\js621\\src\\models\\model.ts": {"path":"C:\\Users\\hoodn\\OneDrive\\Documents\\Personal\\Programming\\js621\\src\\models\\model.ts","statementMap":{"0":{"start":{"line":1,"column":0},"end":{"line":1,"column":50}},"1":{"start":{"line":13,"column":9},"end":{"line":33,"column":4}},"2":{"start":{"line":13,"column":70},"end":{"line":33,"column":4}},"3":{"start":{"line":14,"column":4},"end":{"line":32,"column":null}},"4":{"start":{"line":15,"column":46},"end":{"line":23,"column":8}},"5":{"start":{"line":24,"column":6},"end":{"line":24,"column":75}},"6":{"start":{"line":24,"column":55},"end":{"line":24,"column":73}},"7":{"start":{"line":26,"column":46},"end":{"line":30,"column":8}},"8":{"start":{"line":31,"column":6},"end":{"line":31,"column":75}},"9":{"start":{"line":31,"column":55},"end":{"line":31,"column":73}},"10":{"start":{"line":9,"column":4},"end":{"line":9,"column":31}},"11":{"start":{"line":4,"column":0},"end":{"line":4,"column":13}}},"fnMap":{"0":{"name":"(anonymous_8)","decl":{"start":{"line":7,"column":2},"end":{"line":7,"column":14}},"loc":{"start":{"line":7,"column":34},"end":{"line":10,"column":3}}},"1":{"name":"(anonymous_9)","decl":{"start":{"line":13,"column":26},"end":{"line":13,"column":33}},"loc":{"start":{"line":13,"column":70},"end":{"line":33,"column":4}}},"2":{"name":"(anonymous_10)","decl":{"start":{"line":13,"column":70},"end":{"line":13,"column":null}},"loc":{"start":{"line":13,"column":70},"end":{"line":33,"column":3}}},"3":{"name":"(anonymous_11)","decl":{"start":{"line":24,"column":49},"end":{"line":24,"column":52}},"loc":{"start":{"line":24,"column":55},"end":{"line":24,"column":73}}},"4":{"name":"(anonymous_12)","decl":{"start":{"line":31,"column":49},"end":{"line":31,"column":52}},"loc":{"start":{"line":31,"column":55},"end":{"line":31,"column":73}}}},"branchMap":{"0":{"loc":{"start":{"line":14,"column":4},"end":{"line":32,"column":null}},"type":"if","locations":[{"start":{"line":14,"column":4},"end":{"line":32,"column":null}},{"start":{"line":14,"column":4},"end":{"line":32,"column":null}}]},"1":{"loc":{"start":{"line":14,"column":8},"end":{"line":14,"column":31}},"type":"binary-expr","locations":[{"start":{"line":14,"column":8},"end":{"line":14,"column":31}},{"start":{"line":14,"column":35},"end":{"line":14,"column":57}}]}},"s":{"0":1,"1":2,"2":1,"3":1,"4":0,"5":0,"6":0,"7":1,"8":1,"9":1,"10":2,"11":1},"f":{"0":2,"1":1,"2":1,"3":0,"4":1},"b":{"0":[0,1],"1":[1,0]}}
}
